<?xml version="1.0" encoding="UTF-8"?>
<testsuite xmlns:xsi="http://www.w3.org/2001/XMLSchema-instance" xsi:noNamespaceSchemaLocation="https://maven.apache.org/surefire/maven-surefire-plugin/xsd/surefire-test-report-3.0.xsd" version="3.0" name="org.eventmanagement.EventManagementApplicationTests" time="5.761" tests="1" errors="0" skipped="0" failures="0">
  <properties>
[...]
</properties>
  <testcase name="contextLoads" classname="org.eventmanagement.EventManagementApplicationTests" time="0.438">
    <system-out><![CDATA[18:31:16.854 [main] INFO org.springframework.test.context.support.AnnotationConfigContextLoaderUtils -- Could not detect default configuration classes for test class [org.eventmanagement.EventManagementApplicationTests]: EventManagementApplicationTests does not declare any static, non-private, non-final, nested classes annotated with @Configuration.
18:31:16.928 [main] INFO org.springframework.boot.test.context.SpringBootTestContextBootstrapper -- Found @SpringBootConfiguration org.eventmanagement.EventManagementApplication for test class org.eventmanagement.EventManagementApplicationTests
18:31:17.030 [main] INFO org.springframework.boot.devtools.restart.RestartApplicationListener -- Restart disabled due to context in which it is running

  .   ____          _            __ _ _
 /\\ / ___'_ __ _ _(_)_ __  __ _ \ \ \ \
( ( )\___ | '_ | '_| | '_ \/ _` | \ \ \ \
 \\/  ___)| |_)| | | | | || (_| |  ) ) ) )
  '  |____| .__|_| |_|_| |_\__, | / / / /
 =========|_|==============|___/=/_/_/_/
 :: Spring Boot ::                (v3.2.3)

2024-04-11T18:31:17.200+08:00  INFO 25673 --- [           main] o.e.EventManagementApplicationTests      : Starting EventManagementApplicationTests using Java 21.0.1 with PID 25673 (started by kelvinnguyen in /Users/kelvinnguyen/Documents/GitHub/event-management-master)
2024-04-11T18:31:17.201+08:00  INFO 25673 --- [           main] o.e.EventManagementApplicationTests      : No active profile set, falling back to 1 default profile: "default"
2024-04-11T18:31:17.985+08:00  INFO 25673 --- [           main] .s.d.r.c.RepositoryConfigurationDelegate : Bootstrapping Spring Data JPA repositories in DEFAULT mode.
2024-04-11T18:31:18.031+08:00  INFO 25673 --- [           main] .s.d.r.c.RepositoryConfigurationDelegate : Finished Spring Data repository scanning in 40 ms. Found 5 JPA repository interfaces.
2024-04-11T18:31:18.323+08:00  WARN 25673 --- [           main] trationDelegate$BeanPostProcessorChecker : Bean 'org.springframework.ws.config.annotation.DelegatingWsConfiguration' of type [org.springframework.ws.config.annotation.DelegatingWsConfiguration$$SpringCGLIB$$0] is not eligible for getting processed by all BeanPostProcessors (for example: not eligible for auto-proxying). The currently created BeanPostProcessor [annotationActionEndpointMapping] is declared through a non-static factory method on that class; consider declaring it as static instead.
2024-04-11T18:31:18.349+08:00  INFO 25673 --- [           main] .w.s.a.s.AnnotationActionEndpointMapping : Supporting [WS-Addressing August 2004, WS-Addressing 1.0]
2024-04-11T18:31:18.564+08:00 DEBUG 25673 --- [           main] com.zaxxer.hikari.HikariConfig           : Driver class com.mysql.cj.jdbc.Driver found in Thread context class loader jdk.internal.loader.ClassLoaders$AppClassLoader@1cf4f579
2024-04-11T18:31:18.672+08:00  INFO 25673 --- [           main] o.hibernate.jpa.internal.util.LogHelper  : HHH000204: Processing PersistenceUnitInfo [name: default]
2024-04-11T18:31:18.714+08:00  INFO 25673 --- [           main] org.hibernate.Version                    : HHH000412: Hibernate ORM core version 6.4.4.Final
2024-04-11T18:31:18.738+08:00  INFO 25673 --- [           main] o.h.c.internal.RegionFactoryInitiator    : HHH000026: Second-level cache disabled
2024-04-11T18:31:18.901+08:00  INFO 25673 --- [           main] o.s.o.j.p.SpringPersistenceUnitInfo      : No LoadTimeWeaver setup: ignoring JPA class transformer
2024-04-11T18:31:18.919+08:00 DEBUG 25673 --- [           main] com.zaxxer.hikari.HikariConfig           : HikariPool-1 - configuration:
2024-04-11T18:31:18.923+08:00 DEBUG 25673 --- [           main] com.zaxxer.hikari.HikariConfig           : allowPoolSuspension.............false
2024-04-11T18:31:18.923+08:00 DEBUG 25673 --- [           main] com.zaxxer.hikari.HikariConfig           : autoCommit......................true
2024-04-11T18:31:18.923+08:00 DEBUG 25673 --- [           main] com.zaxxer.hikari.HikariConfig           : catalog.........................none
2024-04-11T18:31:18.923+08:00 DEBUG 25673 --- [           main] com.zaxxer.hikari.HikariConfig           : connectionInitSql...............none
2024-04-11T18:31:18.923+08:00 DEBUG 25673 --- [           main] com.zaxxer.hikari.HikariConfig           : connectionTestQuery.............none
2024-04-11T18:31:18.924+08:00 DEBUG 25673 --- [           main] com.zaxxer.hikari.HikariConfig           : connectionTimeout...............30000
2024-04-11T18:31:18.924+08:00 DEBUG 25673 --- [           main] com.zaxxer.hikari.HikariConfig           : dataSource......................none
2024-04-11T18:31:18.924+08:00 DEBUG 25673 --- [           main] com.zaxxer.hikari.HikariConfig           : dataSourceClassName.............none
2024-04-11T18:31:18.924+08:00 DEBUG 25673 --- [           main] com.zaxxer.hikari.HikariConfig           : dataSourceJNDI..................none
2024-04-11T18:31:18.924+08:00 DEBUG 25673 --- [           main] com.zaxxer.hikari.HikariConfig           : dataSourceProperties............{password=<masked>}
2024-04-11T18:31:18.924+08:00 DEBUG 25673 --- [           main] com.zaxxer.hikari.HikariConfig           : driverClassName................."com.mysql.cj.jdbc.Driver"
2024-04-11T18:31:18.925+08:00 DEBUG 25673 --- [           main] com.zaxxer.hikari.HikariConfig           : exceptionOverrideClassName......none
2024-04-11T18:31:18.925+08:00 DEBUG 25673 --- [           main] com.zaxxer.hikari.HikariConfig           : healthCheckProperties...........{}
2024-04-11T18:31:18.925+08:00 DEBUG 25673 --- [           main] com.zaxxer.hikari.HikariConfig           : healthCheckRegistry.............none
2024-04-11T18:31:18.925+08:00 DEBUG 25673 --- [           main] com.zaxxer.hikari.HikariConfig           : idleTimeout.....................600000
2024-04-11T18:31:18.925+08:00 DEBUG 25673 --- [           main] com.zaxxer.hikari.HikariConfig           : initializationFailTimeout.......1
2024-04-11T18:31:18.925+08:00 DEBUG 25673 --- [           main] com.zaxxer.hikari.HikariConfig           : isolateInternalQueries..........false
2024-04-11T18:31:18.925+08:00 DEBUG 25673 --- [           main] com.zaxxer.hikari.HikariConfig           : jdbcUrl.........................jdbc:mysql://localhost:8889/eventdb?useSSL=false
2024-04-11T18:31:18.926+08:00 DEBUG 25673 --- [           main] com.zaxxer.hikari.HikariConfig           : keepaliveTime...................0
2024-04-11T18:31:18.926+08:00 DEBUG 25673 --- [           main] com.zaxxer.hikari.HikariConfig           : leakDetectionThreshold..........0
2024-04-11T18:31:18.926+08:00 DEBUG 25673 --- [           main] com.zaxxer.hikari.HikariConfig           : maxLifetime.....................1800000
2024-04-11T18:31:18.926+08:00 DEBUG 25673 --- [           main] com.zaxxer.hikari.HikariConfig           : maximumPoolSize.................10
2024-04-11T18:31:18.926+08:00 DEBUG 25673 --- [           main] com.zaxxer.hikari.HikariConfig           : metricRegistry..................none
2024-04-11T18:31:18.926+08:00 DEBUG 25673 --- [           main] com.zaxxer.hikari.HikariConfig           : metricsTrackerFactory...........none
2024-04-11T18:31:18.926+08:00 DEBUG 25673 --- [           main] com.zaxxer.hikari.HikariConfig           : minimumIdle.....................10
2024-04-11T18:31:18.926+08:00 DEBUG 25673 --- [           main] com.zaxxer.hikari.HikariConfig           : password........................<masked>
2024-04-11T18:31:18.927+08:00 DEBUG 25673 --- [           main] com.zaxxer.hikari.HikariConfig           : poolName........................"HikariPool-1"
2024-04-11T18:31:18.927+08:00 DEBUG 25673 --- [           main] com.zaxxer.hikari.HikariConfig           : readOnly........................false
2024-04-11T18:31:18.927+08:00 DEBUG 25673 --- [           main] com.zaxxer.hikari.HikariConfig           : registerMbeans..................false
2024-04-11T18:31:18.927+08:00 DEBUG 25673 --- [           main] com.zaxxer.hikari.HikariConfig           : scheduledExecutor...............none
2024-04-11T18:31:18.927+08:00 DEBUG 25673 --- [           main] com.zaxxer.hikari.HikariConfig           : schema..........................none
2024-04-11T18:31:18.927+08:00 DEBUG 25673 --- [           main] com.zaxxer.hikari.HikariConfig           : threadFactory...................internal
2024-04-11T18:31:18.927+08:00 DEBUG 25673 --- [           main] com.zaxxer.hikari.HikariConfig           : transactionIsolation............default
2024-04-11T18:31:18.927+08:00 DEBUG 25673 --- [           main] com.zaxxer.hikari.HikariConfig           : username........................"root"
2024-04-11T18:31:18.927+08:00 DEBUG 25673 --- [           main] com.zaxxer.hikari.HikariConfig           : validationTimeout...............5000
2024-04-11T18:31:18.928+08:00  INFO 25673 --- [           main] com.zaxxer.hikari.HikariDataSource       : HikariPool-1 - Starting...
2024-04-11T18:31:19.060+08:00  INFO 25673 --- [           main] com.zaxxer.hikari.pool.HikariPool        : HikariPool-1 - Added connection com.mysql.cj.jdbc.ConnectionImpl@40ddf339
2024-04-11T18:31:19.061+08:00  INFO 25673 --- [           main] com.zaxxer.hikari.HikariDataSource       : HikariPool-1 - Start completed.
2024-04-11T18:31:19.087+08:00  WARN 25673 --- [           main] org.hibernate.dialect.Dialect            : HHH000511: The 5.7.39 version for [org.hibernate.dialect.MySQLDialect] is no longer supported, hence certain features may not work properly. The minimum supported version is 8.0.0. Check the community dialects project for available legacy versions.
2024-04-11T18:31:19.091+08:00  WARN 25673 --- [           main] org.hibernate.orm.deprecation            : HHH90000025: MySQLDialect does not need to be specified explicitly using 'hibernate.dialect' (remove the property setting and it will be selected by default)
2024-04-11T18:31:19.163+08:00 DEBUG 25673 --- [l-1 housekeeper] com.zaxxer.hikari.pool.HikariPool        : HikariPool-1 - Pool stats (total=1, active=0, idle=1, waiting=0)
2024-04-11T18:31:19.166+08:00 DEBUG 25673 --- [onnection adder] com.zaxxer.hikari.pool.HikariPool        : HikariPool-1 - Added connection com.mysql.cj.jdbc.ConnectionImpl@62f88c95
2024-04-11T18:31:19.182+08:00 DEBUG 25673 --- [onnection adder] com.zaxxer.hikari.pool.HikariPool        : HikariPool-1 - Added connection com.mysql.cj.jdbc.ConnectionImpl@349639db
2024-04-11T18:31:19.198+08:00 DEBUG 25673 --- [onnection adder] com.zaxxer.hikari.pool.HikariPool        : HikariPool-1 - Added connection com.mysql.cj.jdbc.ConnectionImpl@4c95662b
2024-04-11T18:31:19.213+08:00 DEBUG 25673 --- [onnection adder] com.zaxxer.hikari.pool.HikariPool        : HikariPool-1 - Added connection com.mysql.cj.jdbc.ConnectionImpl@4637c8a6
2024-04-11T18:31:19.228+08:00 DEBUG 25673 --- [onnection adder] com.zaxxer.hikari.pool.HikariPool        : HikariPool-1 - Added connection com.mysql.cj.jdbc.ConnectionImpl@579108c0
2024-04-11T18:31:19.245+08:00 DEBUG 25673 --- [onnection adder] com.zaxxer.hikari.pool.HikariPool        : HikariPool-1 - Added connection com.mysql.cj.jdbc.ConnectionImpl@3faed408
2024-04-11T18:31:19.260+08:00 DEBUG 25673 --- [onnection adder] com.zaxxer.hikari.pool.HikariPool        : HikariPool-1 - Added connection com.mysql.cj.jdbc.ConnectionImpl@447607e9
2024-04-11T18:31:19.277+08:00 DEBUG 25673 --- [onnection adder] com.zaxxer.hikari.pool.HikariPool        : HikariPool-1 - Added connection com.mysql.cj.jdbc.ConnectionImpl@68c5462f
2024-04-11T18:31:19.292+08:00 DEBUG 25673 --- [onnection adder] com.zaxxer.hikari.pool.HikariPool        : HikariPool-1 - Added connection com.mysql.cj.jdbc.ConnectionImpl@7131d255
2024-04-11T18:31:19.305+08:00 DEBUG 25673 --- [onnection adder] com.zaxxer.hikari.pool.HikariPool        : HikariPool-1 - After adding stats (total=10, active=0, idle=10, waiting=0)
2024-04-11T18:31:19.844+08:00  INFO 25673 --- [           main] o.h.e.t.j.p.i.JtaPlatformInitiator       : HHH000489: No JTA platform available (set 'hibernate.transaction.jta.platform' to enable JTA platform integration)
Hibernate: create table `booking-transactions` (transaction_id binary(16) not null, amount float(53) not null, payment_method tinyint, transaction_date_time TIMESTAMP(0) DEFAULT CURRENT_TIMESTAMP null, transaction_status tinyint, transaction_update_date_time TIMESTAMP(0) DEFAULT CURRENT_TIMESTAMP ON UPDATE CURRENT_TIMESTAMP null, booking_id binary(16), primary key (transaction_id)) engine=InnoDB
Hibernate: create table bookings (booking_id binary(16) not null, booked_by varchar(255), booking_date_time datetime(6), booking_mobile_number bigint, booking_status tinyint, booking_update_time datetime(6), booking_user_email varchar(255), cancellation_fee float(53) not null, created_date_time TIMESTAMP(0) DEFAULT CURRENT_TIMESTAMP null, event_id bigint not null, last_modified_date_time TIMESTAMP(0) DEFAULT CURRENT_TIMESTAMP ON UPDATE CURRENT_TIMESTAMP null, number_of_tickets integer not null, payment_method tinyint, `transaction_detail_transaction_id` binary(16), primary key (booking_id)) engine=InnoDB
Hibernate: create table event (id bigint not null auto_increment, attendance_count integer not null, available_tickets integer not null, cancellation_fee float(53) not null, created_by varchar(255), created_date_time TIMESTAMP(0) DEFAULT CURRENT_TIMESTAMP null, event_date_time datetime(6), event_state tinyint, event_type tinyint, last_modified_date_time TIMESTAMP(0) DEFAULT CURRENT_TIMESTAMP ON UPDATE CURRENT_TIMESTAMP null, name varchar(255), ticket_price float(53) not null, total_tickets integer not null, venue varchar(255), primary key (id)) engine=InnoDB
Hibernate: create table tickets (id bigint not null auto_increment, ticket_state tinyint, booking_id binary(16), primary key (id)) engine=InnoDB
Hibernate: create table users (id bigint not null auto_increment, created_date_time TIMESTAMP(0) DEFAULT CURRENT_TIMESTAMP null, email varchar(255), first_name varchar(255), last_name varchar(255), mobile_number bigint, password varchar(255), role tinyint, primary key (id)) engine=InnoDB
Hibernate: create table wallet (id bigint not null, balance float(53) not null, user_email varchar(255), user_id bigint not null, primary key (id)) engine=InnoDB
Hibernate: create table wallet_seq (next_val bigint) engine=InnoDB
Hibernate: insert into wallet_seq values ( 1 )
Hibernate: alter table `booking-transactions` drop index UK_t6pwojyfnjfy3qj55l6rlxm6e
Hibernate: alter table `booking-transactions` add constraint UK_t6pwojyfnjfy3qj55l6rlxm6e unique (booking_id)
Hibernate: alter table bookings drop index UK_6h8rulih261wmppbxn6wymmla
Hibernate: alter table bookings add constraint UK_6h8rulih261wmppbxn6wymmla unique (`transaction_detail_transaction_id`)
Hibernate: alter table users drop index UK6dotkott2kjsp8vw4d0m25fb7
Hibernate: alter table users add constraint UK6dotkott2kjsp8vw4d0m25fb7 unique (email)
Hibernate: alter table `booking-transactions` add constraint FK28neb4lur3kur9j4f7ilowlsp foreign key (booking_id) references bookings (booking_id)
Hibernate: alter table bookings add constraint FKq7vtqnjgy1flioxvdnppgf9ck foreign key (`transaction_detail_transaction_id`) references `booking-transactions` (transaction_id)
Hibernate: alter table tickets add constraint FKefja4avuu7g29t78mxifrsynb foreign key (booking_id) references bookings (booking_id)
2024-04-11T18:31:20.044+08:00  INFO 25673 --- [           main] j.LocalContainerEntityManagerFactoryBean : Initialized JPA EntityManagerFactory for persistence unit 'default'
2024-04-11T18:31:20.708+08:00  WARN 25673 --- [           main] JpaBaseConfiguration$JpaWebConfiguration : spring.jpa.open-in-view is enabled by default. Therefore, database queries may be performed during view rendering. Explicitly configure spring.jpa.open-in-view to disable this warning
2024-04-11T18:31:21.264+08:00  INFO 25673 --- [           main] o.s.b.a.e.web.EndpointLinksResolver      : Exposing 1 endpoint(s) beneath base path '/actuator'
2024-04-11T18:31:21.392+08:00  INFO 25673 --- [           main] o.s.s.web.DefaultSecurityFilterChain     : Will secure any request with [org.springframework.security.web.session.DisableEncodeUrlFilter@6bab65b6, org.springframework.security.web.context.request.async.WebAsyncManagerIntegrationFilter@7f6b3f4c, org.springframework.security.web.context.SecurityContextHolderFilter@2845fd12, org.springframework.security.web.header.HeaderWriterFilter@943184c, org.springframework.web.filter.CorsFilter@33f5d807, org.springframework.security.web.authentication.logout.LogoutFilter@6da5cb1, org.eventmanagement.utils.AuthTokenFilter@3fe33c59, org.springframework.security.web.savedrequest.RequestCacheAwareFilter@67231d8d, org.springframework.security.web.servletapi.SecurityContextHolderAwareRequestFilter@4d20d8e6, org.springframework.security.web.authentication.AnonymousAuthenticationFilter@6a7db16e, org.springframework.security.web.session.SessionManagementFilter@75375bb0, org.springframework.security.web.access.ExceptionTranslationFilter@6f823df7, org.springframework.security.web.access.intercept.AuthorizationFilter@6b0bcea5]
2024-04-11T18:31:21.970+08:00  INFO 25673 --- [           main] o.e.EventManagementApplicationTests      : Started EventManagementApplicationTests in 4.947 seconds (process running for 5.636)
]]></system-out>
    <system-err><![CDATA[WARNING: A Java agent has been loaded dynamically (/Users/kelvinnguyen/.m2/repository/net/bytebuddy/byte-buddy-agent/1.14.12/byte-buddy-agent-1.14.12.jar)
WARNING: If a serviceability tool is in use, please run with -XX:+EnableDynamicAgentLoading to hide this warning
WARNING: If a serviceability tool is not in use, please run with -Djdk.instrument.traceUsage for more information
WARNING: Dynamic loading of agents will be disallowed by default in a future release
]]></system-err>
  </testcase>
</testsuite>