<?xml version="1.0" encoding="UTF-8"?>
<testsuite xmlns:xsi="http://www.w3.org/2001/XMLSchema-instance" xsi:noNamespaceSchemaLocation="https://maven.apache.org/surefire/maven-surefire-plugin/xsd/surefire-test-report-3.0.xsd" version="3.0" name="org.eventmanagement.EventManagementApplicationTests" time="12.727" tests="1" errors="0" skipped="0" failures="0">
  <properties>
[...]
</properties>
  <testcase name="contextLoads" classname="org.eventmanagement.EventManagementApplicationTests" time="0.694">
    <system-out><![CDATA[05:35:34.237 [main] INFO org.springframework.test.context.support.AnnotationConfigContextLoaderUtils -- Could not detect default configuration classes for test class [org.eventmanagement.EventManagementApplicationTests]: EventManagementApplicationTests does not declare any static, non-private, non-final, nested classes annotated with @Configuration.
05:35:34.400 [main] INFO org.springframework.boot.test.context.SpringBootTestContextBootstrapper -- Found @SpringBootConfiguration org.eventmanagement.EventManagementApplication for test class org.eventmanagement.EventManagementApplicationTests
05:35:34.681 [main] INFO org.springframework.boot.devtools.restart.RestartApplicationListener -- Restart disabled due to context in which it is running

  .   ____          _            __ _ _
 /\\ / ___'_ __ _ _(_)_ __  __ _ \ \ \ \
( ( )\___ | '_ | '_| | '_ \/ _` | \ \ \ \
 \\/  ___)| |_)| | | | | || (_| |  ) ) ) )
  '  |____| .__|_| |_|_| |_\__, | / / / /
 =========|_|==============|___/=/_/_/_/
 :: Spring Boot ::                (v3.2.3)

2024-04-14T05:35:35.005+08:00  INFO 29708 --- [           main] o.e.EventManagementApplicationTests      : Starting EventManagementApplicationTests using Java 21.0.1 with PID 29708 (started by WongQ in C:\wamp64\www\oop\updated\apache-maven-3.9.6\bin)
2024-04-14T05:35:35.007+08:00  INFO 29708 --- [           main] o.e.EventManagementApplicationTests      : No active profile set, falling back to 1 default profile: "default"
2024-04-14T05:35:36.867+08:00  INFO 29708 --- [           main] .s.d.r.c.RepositoryConfigurationDelegate : Bootstrapping Spring Data JPA repositories in DEFAULT mode.
2024-04-14T05:35:37.013+08:00  INFO 29708 --- [           main] .s.d.r.c.RepositoryConfigurationDelegate : Finished Spring Data repository scanning in 136 ms. Found 5 JPA repository interfaces.
2024-04-14T05:35:37.977+08:00  WARN 29708 --- [           main] trationDelegate$BeanPostProcessorChecker : Bean 'org.springframework.ws.config.annotation.DelegatingWsConfiguration' of type [org.springframework.ws.config.annotation.DelegatingWsConfiguration$$SpringCGLIB$$0] is not eligible for getting processed by all BeanPostProcessors (for example: not eligible for auto-proxying). The currently created BeanPostProcessor [annotationActionEndpointMapping] is declared through a non-static factory method on that class; consider declaring it as static instead.
2024-04-14T05:35:38.051+08:00  INFO 29708 --- [           main] .w.s.a.s.AnnotationActionEndpointMapping : Supporting [WS-Addressing August 2004, WS-Addressing 1.0]
2024-04-14T05:35:38.647+08:00 DEBUG 29708 --- [           main] com.zaxxer.hikari.HikariConfig           : Driver class com.mysql.cj.jdbc.Driver found in Thread context class loader jdk.internal.loader.ClassLoaders$AppClassLoader@70dea4e
2024-04-14T05:35:38.910+08:00  INFO 29708 --- [           main] o.hibernate.jpa.internal.util.LogHelper  : HHH000204: Processing PersistenceUnitInfo [name: default]
2024-04-14T05:35:39.058+08:00  INFO 29708 --- [           main] org.hibernate.Version                    : HHH000412: Hibernate ORM core version 6.4.4.Final
2024-04-14T05:35:39.133+08:00  INFO 29708 --- [           main] o.h.c.internal.RegionFactoryInitiator    : HHH000026: Second-level cache disabled
2024-04-14T05:35:39.509+08:00  INFO 29708 --- [           main] o.s.o.j.p.SpringPersistenceUnitInfo      : No LoadTimeWeaver setup: ignoring JPA class transformer
2024-04-14T05:35:39.544+08:00 DEBUG 29708 --- [           main] com.zaxxer.hikari.HikariConfig           : HikariPool-1 - configuration:
2024-04-14T05:35:39.549+08:00 DEBUG 29708 --- [           main] com.zaxxer.hikari.HikariConfig           : allowPoolSuspension.............false
2024-04-14T05:35:39.549+08:00 DEBUG 29708 --- [           main] com.zaxxer.hikari.HikariConfig           : autoCommit......................true
2024-04-14T05:35:39.549+08:00 DEBUG 29708 --- [           main] com.zaxxer.hikari.HikariConfig           : catalog.........................none
2024-04-14T05:35:39.550+08:00 DEBUG 29708 --- [           main] com.zaxxer.hikari.HikariConfig           : connectionInitSql...............none
2024-04-14T05:35:39.550+08:00 DEBUG 29708 --- [           main] com.zaxxer.hikari.HikariConfig           : connectionTestQuery.............none
2024-04-14T05:35:39.551+08:00 DEBUG 29708 --- [           main] com.zaxxer.hikari.HikariConfig           : connectionTimeout...............30000
2024-04-14T05:35:39.551+08:00 DEBUG 29708 --- [           main] com.zaxxer.hikari.HikariConfig           : dataSource......................none
2024-04-14T05:35:39.552+08:00 DEBUG 29708 --- [           main] com.zaxxer.hikari.HikariConfig           : dataSourceClassName.............none
2024-04-14T05:35:39.552+08:00 DEBUG 29708 --- [           main] com.zaxxer.hikari.HikariConfig           : dataSourceJNDI..................none
2024-04-14T05:35:39.553+08:00 DEBUG 29708 --- [           main] com.zaxxer.hikari.HikariConfig           : dataSourceProperties............{password=<masked>}
2024-04-14T05:35:39.553+08:00 DEBUG 29708 --- [           main] com.zaxxer.hikari.HikariConfig           : driverClassName................."com.mysql.cj.jdbc.Driver"
2024-04-14T05:35:39.553+08:00 DEBUG 29708 --- [           main] com.zaxxer.hikari.HikariConfig           : exceptionOverrideClassName......none
2024-04-14T05:35:39.554+08:00 DEBUG 29708 --- [           main] com.zaxxer.hikari.HikariConfig           : healthCheckProperties...........{}
2024-04-14T05:35:39.554+08:00 DEBUG 29708 --- [           main] com.zaxxer.hikari.HikariConfig           : healthCheckRegistry.............none
2024-04-14T05:35:39.554+08:00 DEBUG 29708 --- [           main] com.zaxxer.hikari.HikariConfig           : idleTimeout.....................600000
2024-04-14T05:35:39.554+08:00 DEBUG 29708 --- [           main] com.zaxxer.hikari.HikariConfig           : initializationFailTimeout.......1
2024-04-14T05:35:39.554+08:00 DEBUG 29708 --- [           main] com.zaxxer.hikari.HikariConfig           : isolateInternalQueries..........false
2024-04-14T05:35:39.555+08:00 DEBUG 29708 --- [           main] com.zaxxer.hikari.HikariConfig           : jdbcUrl.........................jdbc:mysql://localhost:3306/eventdb?useSSL=false
2024-04-14T05:35:39.555+08:00 DEBUG 29708 --- [           main] com.zaxxer.hikari.HikariConfig           : keepaliveTime...................0
2024-04-14T05:35:39.555+08:00 DEBUG 29708 --- [           main] com.zaxxer.hikari.HikariConfig           : leakDetectionThreshold..........0
2024-04-14T05:35:39.555+08:00 DEBUG 29708 --- [           main] com.zaxxer.hikari.HikariConfig           : maxLifetime.....................1800000
2024-04-14T05:35:39.555+08:00 DEBUG 29708 --- [           main] com.zaxxer.hikari.HikariConfig           : maximumPoolSize.................10
2024-04-14T05:35:39.557+08:00 DEBUG 29708 --- [           main] com.zaxxer.hikari.HikariConfig           : metricRegistry..................none
2024-04-14T05:35:39.557+08:00 DEBUG 29708 --- [           main] com.zaxxer.hikari.HikariConfig           : metricsTrackerFactory...........none
2024-04-14T05:35:39.557+08:00 DEBUG 29708 --- [           main] com.zaxxer.hikari.HikariConfig           : minimumIdle.....................10
2024-04-14T05:35:39.557+08:00 DEBUG 29708 --- [           main] com.zaxxer.hikari.HikariConfig           : password........................<masked>
2024-04-14T05:35:39.558+08:00 DEBUG 29708 --- [           main] com.zaxxer.hikari.HikariConfig           : poolName........................"HikariPool-1"
2024-04-14T05:35:39.559+08:00 DEBUG 29708 --- [           main] com.zaxxer.hikari.HikariConfig           : readOnly........................false
2024-04-14T05:35:39.559+08:00 DEBUG 29708 --- [           main] com.zaxxer.hikari.HikariConfig           : registerMbeans..................false
2024-04-14T05:35:39.559+08:00 DEBUG 29708 --- [           main] com.zaxxer.hikari.HikariConfig           : scheduledExecutor...............none
2024-04-14T05:35:39.560+08:00 DEBUG 29708 --- [           main] com.zaxxer.hikari.HikariConfig           : schema..........................none
2024-04-14T05:35:39.560+08:00 DEBUG 29708 --- [           main] com.zaxxer.hikari.HikariConfig           : threadFactory...................internal
2024-04-14T05:35:39.560+08:00 DEBUG 29708 --- [           main] com.zaxxer.hikari.HikariConfig           : transactionIsolation............default
2024-04-14T05:35:39.560+08:00 DEBUG 29708 --- [           main] com.zaxxer.hikari.HikariConfig           : username........................"root"
2024-04-14T05:35:39.560+08:00 DEBUG 29708 --- [           main] com.zaxxer.hikari.HikariConfig           : validationTimeout...............5000
2024-04-14T05:35:39.561+08:00  INFO 29708 --- [           main] com.zaxxer.hikari.HikariDataSource       : HikariPool-1 - Starting...
2024-04-14T05:35:39.830+08:00  INFO 29708 --- [           main] com.zaxxer.hikari.pool.HikariPool        : HikariPool-1 - Added connection com.mysql.cj.jdbc.ConnectionImpl@2cdcfaa6
2024-04-14T05:35:39.832+08:00  INFO 29708 --- [           main] com.zaxxer.hikari.HikariDataSource       : HikariPool-1 - Start completed.
2024-04-14T05:35:39.914+08:00  WARN 29708 --- [           main] org.hibernate.orm.deprecation            : HHH90000025: MySQLDialect does not need to be specified explicitly using 'hibernate.dialect' (remove the property setting and it will be selected by default)
2024-04-14T05:35:39.943+08:00 DEBUG 29708 --- [l-1 housekeeper] com.zaxxer.hikari.pool.HikariPool        : HikariPool-1 - Pool stats (total=1, active=0, idle=1, waiting=0)
2024-04-14T05:35:39.952+08:00 DEBUG 29708 --- [onnection adder] com.zaxxer.hikari.pool.HikariPool        : HikariPool-1 - Added connection com.mysql.cj.jdbc.ConnectionImpl@1a5381bf
2024-04-14T05:35:39.980+08:00 DEBUG 29708 --- [onnection adder] com.zaxxer.hikari.pool.HikariPool        : HikariPool-1 - Added connection com.mysql.cj.jdbc.ConnectionImpl@6ca7fb31
2024-04-14T05:35:40.011+08:00 DEBUG 29708 --- [onnection adder] com.zaxxer.hikari.pool.HikariPool        : HikariPool-1 - Added connection com.mysql.cj.jdbc.ConnectionImpl@145cff6f
2024-04-14T05:35:40.039+08:00 DEBUG 29708 --- [onnection adder] com.zaxxer.hikari.pool.HikariPool        : HikariPool-1 - Added connection com.mysql.cj.jdbc.ConnectionImpl@686c6ee1
2024-04-14T05:35:40.056+08:00 DEBUG 29708 --- [onnection adder] com.zaxxer.hikari.pool.HikariPool        : HikariPool-1 - Added connection com.mysql.cj.jdbc.ConnectionImpl@f58713f
2024-04-14T05:35:40.074+08:00 DEBUG 29708 --- [onnection adder] com.zaxxer.hikari.pool.HikariPool        : HikariPool-1 - Added connection com.mysql.cj.jdbc.ConnectionImpl@349fd155
2024-04-14T05:35:40.106+08:00 DEBUG 29708 --- [onnection adder] com.zaxxer.hikari.pool.HikariPool        : HikariPool-1 - Added connection com.mysql.cj.jdbc.ConnectionImpl@66621a17
2024-04-14T05:35:40.137+08:00 DEBUG 29708 --- [onnection adder] com.zaxxer.hikari.pool.HikariPool        : HikariPool-1 - Added connection com.mysql.cj.jdbc.ConnectionImpl@6e291b79
2024-04-14T05:35:40.165+08:00 DEBUG 29708 --- [onnection adder] com.zaxxer.hikari.pool.HikariPool        : HikariPool-1 - Added connection com.mysql.cj.jdbc.ConnectionImpl@48fd6687
2024-04-14T05:35:40.177+08:00 DEBUG 29708 --- [onnection adder] com.zaxxer.hikari.pool.HikariPool        : HikariPool-1 - After adding stats (total=10, active=0, idle=10, waiting=0)
2024-04-14T05:35:41.351+08:00  INFO 29708 --- [           main] o.h.e.t.j.p.i.JtaPlatformInitiator       : HHH000489: No JTA platform available (set 'hibernate.transaction.jta.platform' to enable JTA platform integration)
2024-04-14T05:35:41.508+08:00  INFO 29708 --- [           main] j.LocalContainerEntityManagerFactoryBean : Initialized JPA EntityManagerFactory for persistence unit 'default'
2024-04-14T05:35:43.343+08:00  WARN 29708 --- [           main] JpaBaseConfiguration$JpaWebConfiguration : spring.jpa.open-in-view is enabled by default. Therefore, database queries may be performed during view rendering. Explicitly configure spring.jpa.open-in-view to disable this warning
2024-04-14T05:35:44.653+08:00  INFO 29708 --- [           main] o.s.b.a.e.web.EndpointLinksResolver      : Exposing 1 endpoint(s) beneath base path '/actuator'
2024-04-14T05:35:44.892+08:00  INFO 29708 --- [           main] o.s.s.web.DefaultSecurityFilterChain     : Will secure any request with [org.springframework.security.web.session.DisableEncodeUrlFilter@6dd0d9a2, org.springframework.security.web.context.request.async.WebAsyncManagerIntegrationFilter@5f9d29c4, org.springframework.security.web.context.SecurityContextHolderFilter@12c1826, org.springframework.security.web.header.HeaderWriterFilter@794eb6e7, org.springframework.web.filter.CorsFilter@d374c01, org.springframework.security.web.authentication.logout.LogoutFilter@64b7719f, org.eventmanagement.utils.AuthTokenFilter@24df4805, org.springframework.security.web.savedrequest.RequestCacheAwareFilter@70b7fec0, org.springframework.security.web.servletapi.SecurityContextHolderAwareRequestFilter@3bf92d96, org.springframework.security.web.authentication.AnonymousAuthenticationFilter@300566e, org.springframework.security.web.session.SessionManagementFilter@1c023dcb, org.springframework.security.web.access.ExceptionTranslationFilter@7f4ae871, org.springframework.security.web.access.intercept.AuthorizationFilter@5c190662]
2024-04-14T05:35:45.862+08:00  INFO 29708 --- [           main] o.e.EventManagementApplicationTests      : Started EventManagementApplicationTests in 11.207 seconds (process running for 12.754)
]]></system-out>
    <system-err><![CDATA[WARNING: A Java agent has been loaded dynamically (C:\Users\WongQ\.m2\repository\net\bytebuddy\byte-buddy-agent\1.14.12\byte-buddy-agent-1.14.12.jar)
WARNING: If a serviceability tool is in use, please run with -XX:+EnableDynamicAgentLoading to hide this warning
WARNING: If a serviceability tool is not in use, please run with -Djdk.instrument.traceUsage for more information
WARNING: Dynamic loading of agents will be disallowed by default in a future release
]]></system-err>
  </testcase>
</testsuite>